<?xml version="1.0" encoding="UTF-8"?>
<testng-results ignored="0" total="1" passed="1" failed="0" skipped="0">
  <reporter-output>
  </reporter-output>
  <suite started-at="2024-02-10T17:25:44 IST" name="Default suite" finished-at="2024-02-10T17:25:55 IST" duration-ms="10542">
    <groups>
    </groups>
    <test started-at="2024-02-10T17:25:44 IST" name="Default test" finished-at="2024-02-10T17:25:55 IST" duration-ms="10542">
      <class name="gestures_ANdroid.ClickGesture">
        <test-method signature="clickTEst()[pri:0, instance:gestures_ANdroid.ClickGesture@bd4dc25]" started-at="2024-02-10T17:25:44 IST" name="clickTEst" finished-at="2024-02-10T17:25:55 IST" duration-ms="10488" status="PASS">
          <reporter-output>
          </reporter-output>
        </test-method> <!-- clickTEst -->
      </class> <!-- gestures_ANdroid.ClickGesture -->
    </test> <!-- Default test -->
  </suite> <!-- Default suite -->
</testng-results>
